
R version 4.3.3 (2024-02-29 ucrt) -- "Angel Food Cake"
Copyright (C) 2024 The R Foundation for Statistical Computing
Platform: x86_64-w64-mingw32/x64 (64-bit)

R is free software and comes with ABSOLUTELY NO WARRANTY.
You are welcome to redistribute it under certain conditions.
Type 'license()' or 'licence()' for distribution details.

  Natural language support but running in an English locale

R is a collaborative project with many contributors.
Type 'contributors()' for more information and
'citation()' on how to cite R or R packages in publications.

Type 'demo()' for some demos, 'help()' for on-line help, or
'help.start()' for an HTML browser interface to help.
Type 'q()' to quit R.

> source("c:\\Users\\johan\\VSCode_projects\\bioinf_master\\AssociationAnalysi$

clusterProfiler v4.10.1  For help: https://yulab-smu.top/biomedical-knowledge-mining-book/

If you use clusterProfiler in published research, please cite:
T Wu, E Hu, S Xu, M Chen, P Guo, Z Dai, T Feng, L Zhou, W Tang, L Zhan, X Fu, S Liu, X Bo, and G Yu. clusterProfiler 4.0: A universal enrichment tool for interpreting omics data. The Innovation. 2021, 2(3):100141

Attaching package: 'clusterProfiler'

The following object is masked from 'package:stats':

    filter

Loading required package: AnnotationDbi
Loading required package: stats4
Loading required package: BiocGenerics

Attaching package: 'BiocGenerics'

The following objects are masked from 'package:stats':

    IQR, mad, sd, var, xtabs

The following objects are masked from 'package:base':

    anyDuplicated, aperm, append, as.data.frame, basename, cbind,
    colnames, dirname, do.call, duplicated, eval, evalq, Filter, Find,
    get, grep, grepl, intersect, is.unsorted, lapply, Map, mapply,
    match, mget, order, paste, pmax, pmax.int, pmin, pmin.int,
    Position, rank, rbind, Reduce, rownames, sapply, setdiff, sort,
    table, tapply, union, unique, unsplit, which.max, which.min

Loading required package: Biobase
Welcome to Bioconductor

    Vignettes contain introductory material; view with
    'browseVignettes()'. To cite Bioconductor, see
    'citation("Biobase")', and for packages 'citation("pkgname")'.

Loading required package: IRanges
Loading required package: S4Vectors

Attaching package: 'S4Vectors'

The following object is masked from 'package:clusterProfiler':

    rename

The following object is masked from 'package:utils':

    findMatches

The following objects are masked from 'package:base':

    expand.grid, I, unname


Attaching package: 'IRanges'

The following object is masked from 'package:clusterProfiler':

    slice

The following object is masked from 'package:grDevices':

    windows


Attaching package: 'AnnotationDbi'

The following object is masked from 'package:clusterProfiler':

    select


DOSE v3.28.2  For help: https://yulab-smu.top/biomedical-knowledge-mining-book/

If you use DOSE in published research, please cite:
Guangchuang Yu, Li-Gen Wang, Guang-Rong Yan, Qing-Yu He. DOSE: an R/Bioconductor package for Disease Ontology Semantic and Enrichment analysis. Bioinformatics 2015, 31(4):608-609


Attaching package: 'ggplot2'

The following object is masked from 'package:crayon':

    %+%


Attaching package: 'dplyr'

The following object is masked from 'package:AnnotationDbi':

    select

The following objects are masked from 'package:IRanges':

    collapse, desc, intersect, setdiff, slice, union

The following objects are masked from 'package:S4Vectors':

    first, intersect, rename, setdiff, setequal, union

The following object is masked from 'package:Biobase':

    combine

The following objects are masked from 'package:BiocGenerics':

    combine, intersect, setdiff, union

The following objects are masked from 'package:stats':

    filter, lag

The following objects are masked from 'package:base':

    intersect, setdiff, setequal, union


Running DisGeNet analysis
Output directory:
C:/Users/johan/VSCode_projects/bioinf_master/AssociationAnalysis/disgenet2r/runs_manual_input/v1/
Querry strings:  pulmo, arter, hypertension
Q-value cutoff:  0.1
P-value cutoff:  0.1

Number of genes represented in the correlation results:  117
Failed to map  16 gene names to NCBI gene names ( 13.6752136752137 % )
Number of genes used for DisGeNet analysis (translated from ENSEMBL to ENTRZIDs):  101
Gene names used for DisGeNet analysis:  NA, NA, NA, NA, NA, NA, NA, NA, NA, NA, NA, NA, NA, NA, NA, NA, Q02790, Q8TB22, O75223, A0A090N7V5, A0A140VK06, P51689, Q8IVD9, P35916, Q58EX2, B7Z242, P27338, B7Z1W5, P06746, Q99685, A0A0C4DFN3, E7EWX8, B2ZGL7, Q9HB63, B2RE43, A8K3H6, O75487, B4DMZ5, A0A0S2Z3I8, P11597, A0A0S2Z3F6, O43921, A0A024R207, O75781, A0A024R1Y6, P08311, B3KNS7, Q96GR2, B7Z2Y6, P49639, Q8IZJ1, Q5T1Z0, Q9H008, A0A0A0MQS7, P14061, Q9BYV9, A0A024RAM1, O15318, Q9HAV0, Q9NZI6, P18827, Q9UG55, O00519, Q5W0U4, P18146, Q546S1, A0A024RDS4, O95452, P41597, A0A024R2Q0, A0A024QZM9, B4DNJ4, Q59GZ8, P00749, O14842, Q9UKI3, O75678, Q9H0B3, A0JP07, Q14003, Q96LD4, Q96GM8, Q5T8P4, Q9UPY6, A0A1B0GUZ3, G5E963, A0A0C4DFR1, O75069, Q8IW47, X5DR28, O95461, Q99523, Q13241, Q53ZY6, Q14674, P08729, P07093, A0A024R498, A0A024R451, O43597, P51451, E9PJX5, Q05D26, Q68CM6, P61764, Q15306, Q9NZM1, P55212, Q9NZP8, Q6P672, F5GWF3, F5H7C8, Q96FV0, B7Z4T6, P08651, P10586, G1UI20, Q8TEW0, A8K6G4, O43184, U5NE98, O76062, A0A024R577, Q86YM7, Q5U5K4, A0A1W2PPY5, Q12791, A0A1W2PQU4, Q59FH2, D5MRH1, A0A1W2PR56, Q5SVJ7, S4R453, A0A1W2PR62, A0A1W2PRN5, A0A1W2PP94, A0A087WZL8, B7ZMF5, A0A1W2PQK5, Q96RJ3, Q5H8V1, P48449, B2R694, Q96G28, Q96LA6, Q53QY6, Q9Y6W8, Q9NTK1, O00213, B7Z4M9, Q96BZ4, B4DJQ6, F5H2B5, B4DI07, Q96MC5, A0A024QZI8, Q96MH2, Q9NZD4, Q549J4, O15375, Q17RW2, F8WDM8, Q13884, Q9NUU4, A4D0T1, Q9H3W5, Q6P582, O43306, Q9Y5J5, Q8NAX2, Q9UIG8, P15391, B2RD48, Q5HYH4, A0A140VKD2, P58340, A0A0S2Z4U8, Q2TLE4, W5XKT8, Q6PP77, X5D982, Q99608, Q9BY67, X5D8W0, X5DQS5, A0A4Z1, X5DQR8, X5D7A8, Q8IVW8, Q569H4, Q9HC58, A0A0A0MR49, Q9HCS2, P11274, O14926, P51178, A8K8F9, Q6ZS10, Q9BY07, Q6ZU67, Q9Y3A4, Q00056, Q5T764
DiGeNet result insight:
#
# over-representation test
#
#...@organism    Homo sapiens
#...@ontology    DisGeNET
#...@keytype     ENTREZID
#...@gene        chr [1:101] "9215" "613" "4129" "322" "147650" "115650" "930" "51334" ...
#...pvalues adjusted by 'BH' with cutoff <0.1
#...64 enriched terms found
'data.frame':   64 obs. of  9 variables:
 $ ID         : chr  "C0024419" "C0741796" "C2936665" "C4014733" ...
 $ Description: chr  "Waldenstrom Macroglobulinemia" "Recurrent bronchitis" "Immunoglobulin Deficiency, Late-Onset" "Follicular hyperplasia" ...
 $ GeneRatio  : chr  "7/95" "4/95" "3/95" "3/95" ...
 $ BgRatio    : chr  "162/21671" "29/21671" "11/21671" "11/21671" ...
 $ pvalue     : num  7.29e-06 7.57e-06 1.31e-05 1.31e-05 1.74e-05 ...
 $ p.adjust   : num  0.00855 0.00855 0.00855 0.00855 0.00909 ...
 $ qvalue     : num  0.00749 0.00749 0.00749 0.00749 0.00796 ...
 $ geneID     : chr  "613/115650/930/23205/3662/60468/6382" "115650/930/3662/29851" "115650/930/29851" "115650/930/29851" ...
 $ Count      : int  7 4 3 3 3 10 10 7 5 8 ...
#...Citation
 T Wu, E Hu, S Xu, M Chen, P Guo, Z Dai, T Feng, L Zhou, W Tang, L Zhan, X Fu, S Liu, X Bo, and G Yu.
 clusterProfiler 4.0: A universal enrichment tool for interpreting omics data.
 The Innovation. 2021, 2(3):100141

> 